<?xml version="1.0" encoding="UTF-8"?>
<!-- Generated by org.testng.reporters.JUnitReportReporter -->
<testsuite hostname="Tajeshwar" name="testcase.TestNGpol" tests="1" failures="0" timestamp="2 Nov 2018 15:44:06 GMT" time="0.242" errors="0">
  <testcase name="softassert" time="0.242" classname="testcase.TestNGpol"/>
</testsuite> <!-- testcase.TestNGpol -->
