<?xml version="1.0" encoding="UTF-8"?>
<!-- Generated by org.testng.reporters.JUnitReportReporter -->
<testsuite hostname="Tajeshwar" name="testcaserun.Login" tests="2" failures="0" timestamp="23 Oct 2018 13:20:01 GMT" time="0.040" errors="0">
  <testcase name="Log" time="0.037" classname="testcaserun.Login"/>
  <testcase name="Log" time="0.003" classname="testcaserun.Login"/>
</testsuite> <!-- testcaserun.Login -->
