<?xml version="1.0" encoding="UTF-8"?>
<!-- Generated by org.testng.reporters.JUnitReportReporter -->
<testsuite hostname="Tajeshwar" name="testcase.ExcelReadnWrite" tests="1" failures="0" timestamp="30 Oct 2018 09:43:30 GMT" time="1.098" errors="0">
  <testcase name="WriteExcel" time="1.098" classname="testcase.ExcelReadnWrite"/>
</testsuite> <!-- testcase.ExcelReadnWrite -->
